TN:
SF:src/analyzers/CodeAnalyzer.ts
FN:31,(anonymous_0)
FN:34,(anonymous_1)
FN:76,(anonymous_2)
FN:90,(anonymous_3)
FN:113,(anonymous_4)
FN:117,(anonymous_5)
FN:150,(anonymous_6)
FN:153,(anonymous_7)
FN:159,(anonymous_8)
FN:175,(anonymous_9)
FN:188,(anonymous_10)
FN:215,(anonymous_11)
FN:220,(anonymous_12)
FN:235,(anonymous_13)
FN:249,(anonymous_14)
FN:259,(anonymous_15)
FN:276,(anonymous_16)
FN:278,(anonymous_17)
FN:290,(anonymous_18)
FN:294,(anonymous_19)
FN:321,(anonymous_20)
FN:332,(anonymous_21)
FN:343,(anonymous_22)
FNF:23
FNH:0
FNDA:0,(anonymous_0)
FNDA:0,(anonymous_1)
FNDA:0,(anonymous_2)
FNDA:0,(anonymous_3)
FNDA:0,(anonymous_4)
FNDA:0,(anonymous_5)
FNDA:0,(anonymous_6)
FNDA:0,(anonymous_7)
FNDA:0,(anonymous_8)
FNDA:0,(anonymous_9)
FNDA:0,(anonymous_10)
FNDA:0,(anonymous_11)
FNDA:0,(anonymous_12)
FNDA:0,(anonymous_13)
FNDA:0,(anonymous_14)
FNDA:0,(anonymous_15)
FNDA:0,(anonymous_16)
FNDA:0,(anonymous_17)
FNDA:0,(anonymous_18)
FNDA:0,(anonymous_19)
FNDA:0,(anonymous_20)
FNDA:0,(anonymous_21)
FNDA:0,(anonymous_22)
DA:1,1
DA:2,1
DA:3,1
DA:4,1
DA:31,1
DA:32,0
DA:35,0
DA:37,0
DA:38,0
DA:48,0
DA:50,0
DA:51,0
DA:52,0
DA:53,0
DA:54,0
DA:55,0
DA:56,0
DA:59,0
DA:60,0
DA:63,0
DA:67,0
DA:68,0
DA:71,0
DA:73,0
DA:77,0
DA:79,0
DA:80,0
DA:81,0
DA:84,0
DA:87,0
DA:91,0
DA:92,0
DA:93,0
DA:96,0
DA:97,0
DA:98,0
DA:99,0
DA:101,0
DA:102,0
DA:104,0
DA:115,0
DA:117,0
DA:118,0
DA:122,0
DA:123,0
DA:125,0
DA:126,0
DA:137,0
DA:138,0
DA:151,0
DA:153,0
DA:154,0
DA:157,0
DA:158,0
DA:159,0
DA:160,0
DA:161,0
DA:174,0
DA:175,0
DA:176,0
DA:189,0
DA:191,0
DA:192,0
DA:203,0
DA:204,0
DA:217,0
DA:218,0
DA:220,0
DA:221,0
DA:222,0
DA:223,0
DA:237,0
DA:247,0
DA:249,0
DA:250,0
DA:251,0
DA:252,0
DA:256,0
DA:261,0
DA:262,0
DA:264,0
DA:265,0
DA:269,0
DA:270,0
DA:271,0
DA:273,0
DA:277,0
DA:278,0
DA:279,0
DA:287,0
DA:291,0
DA:294,0
DA:295,0
DA:297,0
DA:298,0
DA:300,0
DA:301,0
DA:303,0
DA:304,0
DA:309,0
DA:310,0
DA:314,0
DA:315,0
DA:318,0
DA:322,0
DA:324,0
DA:325,0
DA:328,0
DA:329,0
DA:332,0
DA:333,0
DA:336,0
DA:337,0
DA:340,0
DA:345,0
LF:115
LH:5
BRDA:59,0,0,0
BRDA:67,1,0,0
BRDA:67,1,1,0
BRDA:122,2,0,0
BRDA:122,2,1,0
BRDA:123,3,0,0
BRDA:123,3,1,0
BRDA:125,4,0,0
BRDA:137,5,0,0
BRDA:137,6,0,0
BRDA:137,6,1,0
BRDA:158,7,0,0
BRDA:160,8,0,0
BRDA:160,9,0,0
BRDA:160,9,1,0
BRDA:191,10,0,0
BRDA:203,11,0,0
BRDA:203,12,0,0
BRDA:203,12,1,0
BRDA:222,13,0,0
BRDA:222,14,0,0
BRDA:222,14,1,0
BRDA:251,15,0,0
BRDA:262,16,0,0
BRDA:262,16,1,0
BRDA:264,17,0,0
BRDA:273,18,0,0
BRDA:273,18,1,0
BRDA:279,19,0,0
BRDA:279,19,1,0
BRDA:279,19,2,0
BRDA:279,19,3,0
BRDA:279,19,4,0
BRDA:279,19,5,0
BRDA:287,20,0,0
BRDA:287,20,1,0
BRDA:295,21,0,0
BRDA:295,21,1,0
BRDA:295,21,2,0
BRDA:309,22,0,0
BRDA:314,23,0,0
BRDA:324,24,0,0
BRDA:328,25,0,0
BRDA:332,26,0,0
BRDA:336,27,0,0
BRF:45
BRH:0
end_of_record
TN:
SF:src/generators/DocumentationGenerator.ts
FN:13,(anonymous_0)
FN:16,(anonymous_1)
FN:25,(anonymous_2)
FN:39,(anonymous_3)
FN:56,(anonymous_4)
FN:63,(anonymous_5)
FN:81,(anonymous_6)
FN:97,(anonymous_7)
FN:114,(anonymous_8)
FN:131,(anonymous_9)
FN:152,(anonymous_10)
FN:178,(anonymous_11)
FN:184,(anonymous_12)
FN:185,(anonymous_13)
FN:200,(anonymous_14)
FN:206,(anonymous_15)
FN:224,(anonymous_16)
FN:240,(anonymous_17)
FN:257,(anonymous_18)
FN:259,(anonymous_19)
FN:260,(anonymous_20)
FN:261,(anonymous_21)
FN:273,(anonymous_22)
FN:276,(anonymous_23)
FN:279,(anonymous_24)
FN:283,(anonymous_25)
FN:285,(anonymous_26)
FN:286,(anonymous_27)
FN:287,(anonymous_28)
FN:294,(anonymous_29)
FN:300,(anonymous_30)
FN:305,(anonymous_31)
FN:319,(anonymous_32)
FN:343,(anonymous_33)
FN:346,(anonymous_34)
FN:349,(anonymous_35)
FN:357,(anonymous_36)
FN:367,(anonymous_37)
FN:372,(anonymous_38)
FN:378,(anonymous_39)
FN:382,(anonymous_40)
FN:383,(anonymous_41)
FN:384,(anonymous_42)
FN:393,(anonymous_43)
FN:396,(anonymous_44)
FN:406,(anonymous_45)
FN:414,(anonymous_46)
FN:418,(anonymous_47)
FN:426,(anonymous_48)
FN:429,(anonymous_49)
FN:435,(anonymous_50)
FN:444,(anonymous_51)
FNF:52
FNH:0
FNDA:0,(anonymous_0)
FNDA:0,(anonymous_1)
FNDA:0,(anonymous_2)
FNDA:0,(anonymous_3)
FNDA:0,(anonymous_4)
FNDA:0,(anonymous_5)
FNDA:0,(anonymous_6)
FNDA:0,(anonymous_7)
FNDA:0,(anonymous_8)
FNDA:0,(anonymous_9)
FNDA:0,(anonymous_10)
FNDA:0,(anonymous_11)
FNDA:0,(anonymous_12)
FNDA:0,(anonymous_13)
FNDA:0,(anonymous_14)
FNDA:0,(anonymous_15)
FNDA:0,(anonymous_16)
FNDA:0,(anonymous_17)
FNDA:0,(anonymous_18)
FNDA:0,(anonymous_19)
FNDA:0,(anonymous_20)
FNDA:0,(anonymous_21)
FNDA:0,(anonymous_22)
FNDA:0,(anonymous_23)
FNDA:0,(anonymous_24)
FNDA:0,(anonymous_25)
FNDA:0,(anonymous_26)
FNDA:0,(anonymous_27)
FNDA:0,(anonymous_28)
FNDA:0,(anonymous_29)
FNDA:0,(anonymous_30)
FNDA:0,(anonymous_31)
FNDA:0,(anonymous_32)
FNDA:0,(anonymous_33)
FNDA:0,(anonymous_34)
FNDA:0,(anonymous_35)
FNDA:0,(anonymous_36)
FNDA:0,(anonymous_37)
FNDA:0,(anonymous_38)
FNDA:0,(anonymous_39)
FNDA:0,(anonymous_40)
FNDA:0,(anonymous_41)
FNDA:0,(anonymous_42)
FNDA:0,(anonymous_43)
FNDA:0,(anonymous_44)
FNDA:0,(anonymous_45)
FNDA:0,(anonymous_46)
FNDA:0,(anonymous_47)
FNDA:0,(anonymous_48)
FNDA:0,(anonymous_49)
FNDA:0,(anonymous_50)
FNDA:0,(anonymous_51)
DA:1,1
DA:2,1
DA:3,1
DA:4,1
DA:13,1
DA:14,0
DA:17,0
DA:19,0
DA:20,0
DA:22,0
DA:26,0
DA:28,0
DA:29,0
DA:30,0
DA:33,0
DA:36,0
DA:40,0
DA:42,0
DA:43,0
DA:44,0
DA:45,0
DA:46,0
DA:47,0
DA:49,0
DA:53,0
DA:57,0
DA:58,0
DA:61,0
DA:62,0
DA:63,0
DA:64,0
DA:65,0
DA:66,0
DA:79,0
DA:80,0
DA:81,0
DA:82,0
DA:83,0
DA:85,0
DA:86,0
DA:87,0
DA:88,0
DA:89,0
DA:90,0
DA:91,0
DA:92,0
DA:94,0
DA:97,0
DA:98,0
DA:112,0
DA:113,0
DA:114,0
DA:115,0
DA:116,0
DA:117,0
DA:128,0
DA:132,0
DA:133,0
DA:135,0
DA:136,0
DA:137,0
DA:138,0
DA:139,0
DA:140,0
DA:143,0
DA:144,0
DA:149,0
DA:153,0
DA:154,0
DA:155,0
DA:157,0
DA:158,0
DA:160,0
DA:161,0
DA:163,0
DA:164,0
DA:165,0
DA:168,0
DA:171,0
DA:175,0
DA:179,0
DA:180,0
DA:181,0
DA:182,0
DA:183,0
DA:184,0
DA:185,0
DA:186,0
DA:187,0
DA:188,0
DA:197,0
DA:202,0
DA:203,0
DA:207,0
DA:208,0
DA:209,0
DA:210,0
DA:212,0
DA:213,0
DA:214,0
DA:221,0
DA:225,0
DA:227,0
DA:229,0
DA:230,0
DA:232,0
DA:233,0
DA:235,0
DA:236,0
DA:241,0
DA:242,0
DA:245,0
DA:246,0
DA:249,0
DA:250,0
DA:251,0
DA:252,0
DA:253,0
DA:258,0
DA:259,0
DA:260,0
DA:261,0
DA:264,0
DA:273,0
DA:276,0
DA:279,0
DA:284,0
DA:285,0
DA:286,0
DA:287,0
DA:290,0
DA:292,0
DA:293,0
DA:294,0
DA:295,0
DA:296,0
DA:298,0
DA:299,0
DA:300,0
DA:301,0
DA:302,0
DA:303,0
DA:304,0
DA:305,0
DA:306,0
DA:308,0
DA:312,0
DA:316,0
DA:320,0
DA:343,0
DA:346,0
DA:349,0
DA:354,0
DA:358,0
DA:360,0
DA:368,0
DA:370,0
DA:373,0
DA:379,0
DA:382,0
DA:383,0
DA:384,0
DA:387,0
DA:394,0
DA:396,0
DA:397,0
DA:398,0
DA:400,0
DA:403,0
DA:407,0
DA:408,0
DA:410,0
DA:414,0
DA:419,0
DA:421,0
DA:426,0
DA:430,0
DA:435,0
DA:439,0
DA:444,0
DA:449,0
DA:456,0
LF:182
LH:5
BRDA:62,0,0,0
BRDA:65,1,0,0
BRDA:80,2,0,0
BRDA:85,3,0,0
BRDA:85,3,1,0
BRDA:86,4,0,0
BRDA:86,4,1,0
BRDA:88,5,0,0
BRDA:88,5,1,0
BRDA:89,6,0,0
BRDA:89,6,1,0
BRDA:91,7,0,0
BRDA:91,7,1,0
BRDA:92,8,0,0
BRDA:92,8,1,0
BRDA:94,9,0,0
BRDA:94,9,1,0
BRDA:97,10,0,0
BRDA:97,11,0,0
BRDA:97,11,1,0
BRDA:97,12,0,0
BRDA:97,12,1,0
BRDA:113,13,0,0
BRDA:116,14,0,0
BRDA:138,15,0,0
BRDA:143,16,0,0
BRDA:160,17,0,0
BRDA:160,18,0,0
BRDA:160,18,1,0
BRDA:164,19,0,0
BRDA:164,20,0,0
BRDA:164,20,1,0
BRDA:175,21,0,0
BRDA:175,21,1,0
BRDA:181,22,0,0
BRDA:183,23,0,0
BRDA:187,24,0,0
BRDA:190,25,0,0
BRDA:190,25,1,0
BRDA:203,26,0,0
BRDA:203,26,1,0
BRDA:210,27,0,0
BRDA:210,28,0,0
BRDA:210,28,1,0
BRDA:213,29,0,0
BRDA:213,30,0,0
BRDA:213,30,1,0
BRDA:227,31,0,0
BRDA:227,31,1,0
BRDA:227,31,2,0
BRDA:292,32,0,0
BRDA:298,33,0,0
BRDA:303,34,0,0
BRDA:306,35,0,0
BRDA:306,35,1,0
BRDA:306,36,0,0
BRDA:306,36,1,0
BRDA:358,37,0,0
BRDA:358,37,1,0
BRDA:358,38,0,0
BRDA:358,38,1,0
BRDA:368,39,0,0
BRDA:368,40,0,0
BRDA:368,40,1,0
BRDA:373,41,0,0
BRDA:373,41,1,0
BRDA:373,42,0,0
BRDA:373,42,1,0
BRDA:397,43,0,0
BRDA:419,44,0,0
BRDA:419,44,1,0
BRDA:419,44,2,0
BRDA:419,44,3,0
BRDA:426,45,0,0
BRDA:426,45,1,0
BRDA:429,46,0,0
BRDA:429,46,1,0
BRDA:435,47,0,0
BRDA:435,47,1,0
BRDA:435,48,0,0
BRDA:435,48,1,0
BRDA:435,49,0,0
BRDA:435,49,1,0
BRDA:444,50,0,0
BRDA:444,50,1,0
BRDA:444,51,0,0
BRDA:444,51,1,0
BRDA:444,52,0,0
BRDA:444,52,1,0
BRDA:446,53,0,0
BRDA:446,53,1,0
BRF:91
BRH:0
end_of_record
TN:
SF:src/generators/TestGenerator.ts
FN:12,(anonymous_0)
FN:15,(anonymous_1)
FN:24,(anonymous_2)
FN:38,(anonymous_3)
FN:55,(anonymous_4)
FN:87,(anonymous_5)
FN:130,(anonymous_6)
FN:149,(anonymous_7)
FN:163,(anonymous_8)
FN:182,(anonymous_9)
FN:185,(anonymous_10)
FN:195,(anonymous_11)
FN:201,(anonymous_12)
FN:204,(anonymous_13)
FN:229,(anonymous_14)
FN:232,(anonymous_15)
FN:237,(anonymous_16)
FN:240,(anonymous_17)
FN:252,(anonymous_18)
FN:262,(anonymous_19)
FN:265,(anonymous_20)
FN:279,(anonymous_21)
FN:282,(anonymous_22)
FN:301,(anonymous_23)
FN:317,(anonymous_24)
FN:325,(anonymous_25)
FN:340,(anonymous_26)
FN:355,(anonymous_27)
FN:377,(anonymous_28)
FN:399,(anonymous_29)
FN:421,(anonymous_30)
FN:439,(anonymous_31)
FN:445,(anonymous_32)
FN:447,(anonymous_33)
FN:461,(anonymous_34)
FN:462,(anonymous_35)
FN:465,(anonymous_36)
FN:486,(anonymous_37)
FN:508,(anonymous_38)
FN:521,(anonymous_39)
FNF:40
FNH:0
FNDA:0,(anonymous_0)
FNDA:0,(anonymous_1)
FNDA:0,(anonymous_2)
FNDA:0,(anonymous_3)
FNDA:0,(anonymous_4)
FNDA:0,(anonymous_5)
FNDA:0,(anonymous_6)
FNDA:0,(anonymous_7)
FNDA:0,(anonymous_8)
FNDA:0,(anonymous_9)
FNDA:0,(anonymous_10)
FNDA:0,(anonymous_11)
FNDA:0,(anonymous_12)
FNDA:0,(anonymous_13)
FNDA:0,(anonymous_14)
FNDA:0,(anonymous_15)
FNDA:0,(anonymous_16)
FNDA:0,(anonymous_17)
FNDA:0,(anonymous_18)
FNDA:0,(anonymous_19)
FNDA:0,(anonymous_20)
FNDA:0,(anonymous_21)
FNDA:0,(anonymous_22)
FNDA:0,(anonymous_23)
FNDA:0,(anonymous_24)
FNDA:0,(anonymous_25)
FNDA:0,(anonymous_26)
FNDA:0,(anonymous_27)
FNDA:0,(anonymous_28)
FNDA:0,(anonymous_29)
FNDA:0,(anonymous_30)
FNDA:0,(anonymous_31)
FNDA:0,(anonymous_32)
FNDA:0,(anonymous_33)
FNDA:0,(anonymous_34)
FNDA:0,(anonymous_35)
FNDA:0,(anonymous_36)
FNDA:0,(anonymous_37)
FNDA:0,(anonymous_38)
FNDA:0,(anonymous_39)
DA:1,1
DA:2,1
DA:3,1
DA:4,1
DA:12,1
DA:13,0
DA:16,0
DA:18,0
DA:19,0
DA:21,0
DA:25,0
DA:27,0
DA:28,0
DA:29,0
DA:32,0
DA:35,0
DA:39,0
DA:41,0
DA:42,0
DA:43,0
DA:44,0
DA:45,0
DA:48,0
DA:52,0
DA:56,0
DA:57,0
DA:58,0
DA:62,0
DA:64,0
DA:65,0
DA:67,0
DA:68,0
DA:70,0
DA:71,0
DA:73,0
DA:76,0
DA:77,0
DA:79,0
DA:88,0
DA:89,0
DA:90,0
DA:91,0
DA:92,0
DA:94,0
DA:97,0
DA:99,0
DA:100,0
DA:102,0
DA:103,0
DA:105,0
DA:106,0
DA:110,0
DA:111,0
DA:114,0
DA:115,0
DA:118,0
DA:119,0
DA:123,0
DA:124,0
DA:127,0
DA:131,0
DA:150,0
DA:164,0
DA:183,0
DA:185,0
DA:186,0
DA:189,0
DA:190,0
DA:191,0
DA:192,0
DA:195,0
DA:196,0
DA:197,0
DA:198,0
DA:200,0
DA:201,0
DA:202,0
DA:204,0
DA:206,0
DA:209,0
DA:210,0
DA:213,0
DA:214,0
DA:215,0
DA:216,0
DA:217,0
DA:220,0
DA:223,0
DA:226,0
DA:230,0
DA:232,0
DA:233,0
DA:234,0
DA:236,0
DA:237,0
DA:238,0
DA:240,0
DA:242,0
DA:245,0
DA:246,0
DA:249,0
DA:250,0
DA:251,0
DA:252,0
DA:253,0
DA:256,0
DA:259,0
DA:260,0
DA:261,0
DA:262,0
DA:263,0
DA:265,0
DA:267,0
DA:269,0
DA:270,0
DA:273,0
DA:276,0
DA:280,0
DA:282,0
DA:283,0
DA:284,0
DA:285,0
DA:286,0
DA:287,0
DA:290,0
DA:291,0
DA:292,0
DA:293,0
DA:294,0
DA:295,0
DA:298,0
DA:302,0
DA:303,0
DA:304,0
DA:305,0
DA:306,0
DA:307,0
DA:308,0
DA:309,0
DA:310,0
DA:311,0
DA:313,0
DA:316,0
DA:318,0
DA:319,0
DA:320,0
DA:321,0
DA:322,0
DA:326,0
DA:327,0
DA:330,0
DA:331,0
DA:332,0
DA:333,0
DA:337,0
DA:341,0
DA:342,0
DA:345,0
DA:346,0
DA:347,0
DA:348,0
DA:352,0
DA:356,0
DA:357,0
DA:360,0
DA:361,0
DA:362,0
DA:364,0
DA:365,0
DA:367,0
DA:374,0
DA:378,0
DA:379,0
DA:382,0
DA:383,0
DA:384,0
DA:385,0
DA:387,0
DA:389,0
DA:396,0
DA:400,0
DA:401,0
DA:404,0
DA:405,0
DA:406,0
DA:407,0
DA:409,0
DA:411,0
DA:418,0
DA:422,0
DA:423,0
DA:426,0
DA:427,0
DA:428,0
DA:430,0
DA:436,0
DA:440,0
DA:441,0
DA:444,0
DA:445,0
DA:447,0
DA:448,0
DA:449,0
DA:450,0
DA:458,0
DA:462,0
DA:466,0
DA:468,0
DA:470,0
DA:472,0
DA:474,0
DA:476,0
DA:478,0
DA:480,0
DA:482,0
DA:487,0
DA:488,0
DA:490,0
DA:492,0
DA:494,0
DA:496,0
DA:498,0
DA:500,0
DA:502,0
DA:504,0
DA:510,0
DA:511,0
DA:512,0
DA:514,0
DA:517,0
DA:518,0
DA:521,0
DA:522,0
DA:524,0
DA:526,0
LF:235
LH:5
BRDA:44,0,0,0
BRDA:62,1,0,0
BRDA:62,1,1,0
BRDA:62,1,2,0
BRDA:62,1,3,0
BRDA:97,2,0,0
BRDA:97,2,1,0
BRDA:97,2,2,0
BRDA:110,3,0,0
BRDA:114,4,0,0
BRDA:118,5,0,0
BRDA:118,6,0,0
BRDA:118,6,1,0
BRDA:118,6,2,0
BRDA:123,7,0,0
BRDA:127,8,0,0
BRDA:127,8,1,0
BRDA:200,9,0,0
BRDA:200,9,1,0
BRDA:213,10,0,0
BRDA:213,11,0,0
BRDA:213,11,1,0
BRDA:236,12,0,0
BRDA:236,12,1,0
BRDA:251,13,0,0
BRDA:259,14,0,0
BRDA:259,15,0,0
BRDA:259,15,1,0
BRDA:261,16,0,0
BRDA:261,16,1,0
BRDA:332,17,0,0
BRDA:332,18,0,0
BRDA:332,18,1,0
BRDA:333,19,0,0
BRDA:333,19,1,0
BRDA:347,20,0,0
BRDA:384,21,0,0
BRDA:384,21,1,0
BRDA:385,22,0,0
BRDA:385,22,1,0
BRDA:406,23,0,0
BRDA:406,23,1,0
BRDA:407,24,0,0
BRDA:407,24,1,0
BRDA:440,25,0,0
BRDA:449,26,0,0
BRDA:452,27,0,0
BRDA:452,27,1,0
BRDA:466,28,0,0
BRDA:466,28,1,0
BRDA:466,28,2,0
BRDA:466,28,3,0
BRDA:466,28,4,0
BRDA:466,28,5,0
BRDA:466,28,6,0
BRDA:466,28,7,0
BRDA:487,29,0,0
BRDA:490,30,0,0
BRDA:490,30,1,0
BRDA:490,30,2,0
BRDA:490,30,3,0
BRDA:490,30,4,0
BRDA:490,30,5,0
BRDA:490,30,6,0
BRDA:511,31,0,0
BRDA:511,31,1,0
BRDA:512,32,0,0
BRDA:512,32,1,0
BRDA:517,33,0,0
BRDA:518,34,0,0
BRDA:522,35,0,0
BRDA:522,35,1,0
BRDA:522,35,2,0
BRF:73
BRH:0
end_of_record
TN:
SF:src/profilers/PerformanceProfiler.ts
FN:29,(anonymous_0)
FN:32,(anonymous_1)
FN:41,(anonymous_2)
FN:55,(anonymous_3)
FN:96,(anonymous_4)
FN:112,(anonymous_5)
FN:122,(anonymous_6)
FN:130,(anonymous_7)
FN:144,(anonymous_8)
FN:158,(anonymous_9)
FN:174,(anonymous_10)
FN:178,(anonymous_11)
FN:206,(anonymous_12)
FN:211,(anonymous_13)
FN:237,(anonymous_14)
FN:277,(anonymous_15)
FN:281,(anonymous_16)
FN:300,(anonymous_17)
FNF:18
FNH:0
FNDA:0,(anonymous_0)
FNDA:0,(anonymous_1)
FNDA:0,(anonymous_2)
FNDA:0,(anonymous_3)
FNDA:0,(anonymous_4)
FNDA:0,(anonymous_5)
FNDA:0,(anonymous_6)
FNDA:0,(anonymous_7)
FNDA:0,(anonymous_8)
FNDA:0,(anonymous_9)
FNDA:0,(anonymous_10)
FNDA:0,(anonymous_11)
FNDA:0,(anonymous_12)
FNDA:0,(anonymous_13)
FNDA:0,(anonymous_14)
FNDA:0,(anonymous_15)
FNDA:0,(anonymous_16)
FNDA:0,(anonymous_17)
DA:1,1
DA:2,1
DA:3,1
DA:4,1
DA:29,1
DA:30,0
DA:33,0
DA:35,0
DA:36,0
DA:38,0
DA:42,0
DA:44,0
DA:45,0
DA:46,0
DA:49,0
DA:52,0
DA:56,0
DA:57,0
DA:60,0
DA:61,0
DA:62,0
DA:63,0
DA:64,0
DA:67,0
DA:68,0
DA:71,0
DA:72,0
DA:75,0
DA:76,0
DA:79,0
DA:83,0
DA:85,0
DA:98,0
DA:110,0
DA:112,0
DA:113,0
DA:114,0
DA:115,0
DA:119,0
DA:124,0
DA:125,0
DA:126,0
DA:132,0
DA:133,0
DA:135,0
DA:136,0
DA:139,0
DA:140,0
DA:146,0
DA:147,0
DA:149,0
DA:150,0
DA:153,0
DA:154,0
DA:159,0
DA:160,0
DA:162,0
DA:163,0
DA:164,0
DA:165,0
DA:166,0
DA:167,0
DA:171,0
DA:175,0
DA:178,0
DA:179,0
DA:180,0
DA:181,0
DA:183,0
DA:187,0
DA:195,0
DA:196,0
DA:203,0
DA:207,0
DA:210,0
DA:211,0
DA:212,0
DA:213,0
DA:214,0
DA:220,0
DA:227,0
DA:234,0
DA:238,0
DA:240,0
DA:248,0
DA:249,0
DA:256,0
DA:257,0
DA:265,0
DA:274,0
DA:279,0
DA:281,0
DA:282,0
DA:283,0
DA:284,0
DA:285,0
DA:286,0
DA:289,0
DA:290,0
DA:291,0
DA:297,0
DA:301,0
DA:304,0
DA:305,0
DA:306,0
DA:309,0
DA:310,0
DA:314,0
DA:315,0
DA:319,0
DA:320,0
DA:323,0
DA:324,0
DA:327,0
DA:328,0
DA:330,0
LF:116
LH:5
BRDA:67,0,0,0
BRDA:71,1,0,0
BRDA:75,2,0,0
BRDA:83,3,0,0
BRDA:83,3,1,0
BRDA:114,4,0,0
BRDA:125,5,0,0
BRDA:132,6,0,0
BRDA:132,6,1,0
BRDA:133,7,0,0
BRDA:133,7,1,0
BRDA:135,8,0,0
BRDA:139,9,0,0
BRDA:146,10,0,0
BRDA:146,10,1,0
BRDA:147,11,0,0
BRDA:147,11,1,0
BRDA:149,12,0,0
BRDA:153,13,0,0
BRDA:163,14,0,0
BRDA:163,14,1,0
BRDA:166,15,0,0
BRDA:248,16,0,0
BRDA:248,16,1,0
BRDA:256,17,0,0
BRDA:256,17,1,0
BRDA:285,18,0,0
BRDA:285,18,1,0
BRDA:286,19,0,0
BRDA:286,19,1,0
BRDA:304,20,0,0
BRDA:309,21,0,0
BRDA:314,22,0,0
BRF:33
BRH:0
end_of_record
TN:
SF:src/scanners/SecurityScanner.ts
FN:38,(anonymous_0)
FN:133,(anonymous_1)
FN:159,(anonymous_2)
FN:194,(anonymous_3)
FN:199,(anonymous_4)
FN:227,(anonymous_5)
FN:238,(anonymous_6)
FN:246,(anonymous_7)
FN:250,(anonymous_8)
FN:256,(anonymous_9)
FN:266,(anonymous_10)
FN:286,(anonymous_11)
FN:292,(anonymous_12)
FN:300,(anonymous_13)
FN:333,(anonymous_14)
FN:347,(anonymous_15)
FN:364,(anonymous_16)
FNF:17
FNH:0
FNDA:0,(anonymous_0)
FNDA:0,(anonymous_1)
FNDA:0,(anonymous_2)
FNDA:0,(anonymous_3)
FNDA:0,(anonymous_4)
FNDA:0,(anonymous_5)
FNDA:0,(anonymous_6)
FNDA:0,(anonymous_7)
FNDA:0,(anonymous_8)
FNDA:0,(anonymous_9)
FNDA:0,(anonymous_10)
FNDA:0,(anonymous_11)
FNDA:0,(anonymous_12)
FNDA:0,(anonymous_13)
FNDA:0,(anonymous_14)
FNDA:0,(anonymous_15)
FNDA:0,(anonymous_16)
DA:1,1
DA:2,1
DA:3,1
DA:4,1
DA:38,1
DA:39,0
DA:134,0
DA:136,0
DA:137,0
DA:139,0
DA:140,0
DA:141,0
DA:142,0
DA:144,0
DA:148,0
DA:149,0
DA:150,0
DA:152,0
DA:160,0
DA:163,0
DA:184,0
DA:185,0
DA:188,0
DA:191,0
DA:195,0
DA:196,0
DA:197,0
DA:199,0
DA:200,0
DA:202,0
DA:203,0
DA:204,0
DA:206,0
DA:220,0
DA:224,0
DA:228,0
DA:229,0
DA:230,0
DA:231,0
DA:233,0
DA:235,0
DA:239,0
DA:240,0
DA:241,0
DA:243,0
DA:247,0
DA:248,0
DA:250,0
DA:251,0
DA:252,0
DA:257,0
DA:266,0
DA:267,0
DA:269,0
DA:270,0
DA:272,0
DA:273,0
DA:275,0
DA:276,0
DA:278,0
DA:279,0
DA:283,0
DA:287,0
DA:290,0
DA:292,0
DA:293,0
DA:294,0
DA:296,0
DA:300,0
DA:301,0
DA:303,0
DA:304,0
DA:305,0
DA:308,0
DA:309,0
DA:310,0
DA:313,0
DA:314,0
DA:315,0
DA:318,0
DA:319,0
DA:320,0
DA:323,0
DA:324,0
DA:325,0
DA:328,0
DA:333,0
DA:334,0
DA:335,0
DA:338,0
DA:339,0
DA:342,0
DA:344,0
DA:348,0
DA:361,0
DA:366,0
LF:96
LH:5
BRDA:230,0,0,0
BRDA:248,1,0,0
BRDA:248,1,1,0
BRDA:251,2,0,0
BRDA:251,2,1,0
BRDA:267,3,0,0
BRDA:267,3,1,0
BRDA:267,3,2,0
BRDA:267,3,3,0
BRDA:293,4,0,0
BRDA:301,5,0,0
BRDA:301,5,1,0
BRDA:301,5,2,0
BRDA:301,5,3,0
BRDA:301,5,4,0
BRDA:301,5,5,0
BRDA:333,6,0,0
BRDA:333,6,1,0
BRDA:334,7,0,0
BRDA:338,8,0,0
BRDA:361,9,0,0
BRDA:361,9,1,0
BRF:22
BRH:0
end_of_record
