TN:
SF:src/analyzers/CodeAnalyzer.ts
FN:31,(anonymous_0)
FN:34,(anonymous_1)
FN:76,(anonymous_2)
FN:90,(anonymous_3)
FN:113,(anonymous_4)
FN:117,(anonymous_5)
FN:150,(anonymous_6)
FN:153,(anonymous_7)
FN:159,(anonymous_8)
FN:175,(anonymous_9)
FN:188,(anonymous_10)
FN:215,(anonymous_11)
FN:220,(anonymous_12)
FN:235,(anonymous_13)
FN:249,(anonymous_14)
FN:259,(anonymous_15)
FN:276,(anonymous_16)
FN:278,(anonymous_17)
FN:290,(anonymous_18)
FN:294,(anonymous_19)
FN:321,(anonymous_20)
FN:332,(anonymous_21)
FN:343,(anonymous_22)
FNF:23
FNH:13
FNDA:6,(anonymous_0)
FNDA:2,(anonymous_1)
FNDA:2,(anonymous_2)
FNDA:0,(anonymous_3)
FNDA:1,(anonymous_4)
FNDA:11,(anonymous_5)
FNDA:1,(anonymous_6)
FNDA:7,(anonymous_7)
FNDA:2,(anonymous_8)
FNDA:0,(anonymous_9)
FNDA:0,(anonymous_10)
FNDA:0,(anonymous_11)
FNDA:0,(anonymous_12)
FNDA:2,(anonymous_13)
FNDA:14,(anonymous_14)
FNDA:0,(anonymous_15)
FNDA:0,(anonymous_16)
FNDA:0,(anonymous_17)
FNDA:3,(anonymous_18)
FNDA:2,(anonymous_19)
FNDA:2,(anonymous_20)
FNDA:0,(anonymous_21)
FNDA:0,(anonymous_22)
DA:1,1
DA:2,1
DA:3,1
DA:4,1
DA:31,1
DA:32,6
DA:35,2
DA:37,2
DA:38,2
DA:48,2
DA:50,2
DA:51,0
DA:52,0
DA:53,0
DA:54,0
DA:55,0
DA:56,0
DA:59,0
DA:60,0
DA:63,0
DA:67,2
DA:68,2
DA:71,2
DA:73,2
DA:77,2
DA:79,2
DA:80,16
DA:81,16
DA:84,16
DA:87,2
DA:91,0
DA:92,0
DA:93,0
DA:96,0
DA:97,0
DA:98,0
DA:99,0
DA:101,0
DA:102,0
DA:104,0
DA:115,1
DA:117,1
DA:118,11
DA:122,11
DA:123,11
DA:125,11
DA:126,0
DA:137,11
DA:138,0
DA:151,1
DA:153,1
DA:154,7
DA:157,7
DA:158,7
DA:159,2
DA:160,2
DA:161,2
DA:174,7
DA:175,7
DA:176,0
DA:189,0
DA:191,0
DA:192,0
DA:203,0
DA:204,0
DA:217,0
DA:218,0
DA:220,0
DA:221,0
DA:222,0
DA:223,0
DA:237,2
DA:247,2
DA:249,2
DA:250,14
DA:251,14
DA:252,5
DA:256,2
DA:261,0
DA:262,0
DA:264,0
DA:265,0
DA:269,0
DA:270,0
DA:271,0
DA:273,0
DA:277,0
DA:278,0
DA:279,0
DA:287,0
DA:291,3
DA:294,3
DA:295,2
DA:297,0
DA:298,0
DA:300,1
DA:301,1
DA:303,1
DA:304,1
DA:309,3
DA:310,2
DA:314,3
DA:315,0
DA:318,3
DA:322,2
DA:324,2
DA:325,0
DA:328,2
DA:329,2
DA:332,2
DA:333,0
DA:336,2
DA:337,2
DA:340,2
DA:345,0
LF:115
LH:64
BRDA:59,0,0,0
BRDA:67,1,0,0
BRDA:67,1,1,2
BRDA:122,2,0,11
BRDA:122,2,1,7
BRDA:123,3,0,11
BRDA:123,3,1,11
BRDA:125,4,0,0
BRDA:137,5,0,0
BRDA:137,6,0,11
BRDA:137,6,1,1
BRDA:158,7,0,2
BRDA:160,8,0,2
BRDA:160,9,0,2
BRDA:160,9,1,2
BRDA:191,10,0,0
BRDA:203,11,0,0
BRDA:203,12,0,0
BRDA:203,12,1,0
BRDA:222,13,0,0
BRDA:222,14,0,0
BRDA:222,14,1,0
BRDA:251,15,0,5
BRDA:262,16,0,0
BRDA:262,16,1,0
BRDA:264,17,0,0
BRDA:273,18,0,0
BRDA:273,18,1,0
BRDA:279,19,0,0
BRDA:279,19,1,0
BRDA:279,19,2,0
BRDA:279,19,3,0
BRDA:279,19,4,0
BRDA:279,19,5,0
BRDA:287,20,0,0
BRDA:287,20,1,0
BRDA:295,21,0,0
BRDA:295,21,1,1
BRDA:295,21,2,1
BRDA:309,22,0,2
BRDA:314,23,0,0
BRDA:324,24,0,0
BRDA:328,25,0,2
BRDA:332,26,0,0
BRDA:336,27,0,2
BRF:45
BRH:17
end_of_record
TN:
SF:src/generators/DocumentationGenerator.ts
FN:13,(anonymous_0)
FN:16,(anonymous_1)
FN:25,(anonymous_2)
FN:39,(anonymous_3)
FN:56,(anonymous_4)
FN:63,(anonymous_5)
FN:81,(anonymous_6)
FN:97,(anonymous_7)
FN:114,(anonymous_8)
FN:131,(anonymous_9)
FN:152,(anonymous_10)
FN:178,(anonymous_11)
FN:184,(anonymous_12)
FN:185,(anonymous_13)
FN:200,(anonymous_14)
FN:206,(anonymous_15)
FN:224,(anonymous_16)
FN:240,(anonymous_17)
FN:257,(anonymous_18)
FN:259,(anonymous_19)
FN:260,(anonymous_20)
FN:261,(anonymous_21)
FN:273,(anonymous_22)
FN:276,(anonymous_23)
FN:279,(anonymous_24)
FN:283,(anonymous_25)
FN:285,(anonymous_26)
FN:286,(anonymous_27)
FN:287,(anonymous_28)
FN:294,(anonymous_29)
FN:300,(anonymous_30)
FN:305,(anonymous_31)
FN:319,(anonymous_32)
FN:343,(anonymous_33)
FN:346,(anonymous_34)
FN:349,(anonymous_35)
FN:357,(anonymous_36)
FN:367,(anonymous_37)
FN:372,(anonymous_38)
FN:378,(anonymous_39)
FN:382,(anonymous_40)
FN:383,(anonymous_41)
FN:384,(anonymous_42)
FN:393,(anonymous_43)
FN:396,(anonymous_44)
FN:406,(anonymous_45)
FN:414,(anonymous_46)
FN:418,(anonymous_47)
FN:426,(anonymous_48)
FN:429,(anonymous_49)
FN:435,(anonymous_50)
FN:444,(anonymous_51)
FNF:52
FNH:30
FNDA:6,(anonymous_0)
FNDA:1,(anonymous_1)
FNDA:1,(anonymous_2)
FNDA:1,(anonymous_3)
FNDA:2,(anonymous_4)
FNDA:1,(anonymous_5)
FNDA:2,(anonymous_6)
FNDA:1,(anonymous_7)
FNDA:0,(anonymous_8)
FNDA:1,(anonymous_9)
FNDA:2,(anonymous_10)
FNDA:2,(anonymous_11)
FNDA:0,(anonymous_12)
FNDA:0,(anonymous_13)
FNDA:2,(anonymous_14)
FNDA:0,(anonymous_15)
FNDA:1,(anonymous_16)
FNDA:1,(anonymous_17)
FNDA:2,(anonymous_18)
FNDA:5,(anonymous_19)
FNDA:5,(anonymous_20)
FNDA:5,(anonymous_21)
FNDA:2,(anonymous_22)
FNDA:3,(anonymous_23)
FNDA:0,(anonymous_24)
FNDA:1,(anonymous_25)
FNDA:3,(anonymous_26)
FNDA:3,(anonymous_27)
FNDA:3,(anonymous_28)
FNDA:1,(anonymous_29)
FNDA:0,(anonymous_30)
FNDA:0,(anonymous_31)
FNDA:0,(anonymous_32)
FNDA:0,(anonymous_33)
FNDA:0,(anonymous_34)
FNDA:0,(anonymous_35)
FNDA:0,(anonymous_36)
FNDA:0,(anonymous_37)
FNDA:0,(anonymous_38)
FNDA:0,(anonymous_39)
FNDA:0,(anonymous_40)
FNDA:0,(anonymous_41)
FNDA:0,(anonymous_42)
FNDA:1,(anonymous_43)
FNDA:3,(anonymous_44)
FNDA:2,(anonymous_45)
FNDA:3,(anonymous_46)
FNDA:3,(anonymous_47)
FNDA:0,(anonymous_48)
FNDA:0,(anonymous_49)
FNDA:0,(anonymous_50)
FNDA:0,(anonymous_51)
DA:1,1
DA:2,1
DA:3,1
DA:4,1
DA:13,1
DA:14,6
DA:17,1
DA:19,1
DA:20,1
DA:22,1
DA:26,1
DA:28,1
DA:29,4
DA:30,4
DA:33,4
DA:36,1
DA:40,1
DA:42,1
DA:43,2
DA:44,2
DA:45,2
DA:46,2
DA:47,2
DA:49,0
DA:53,1
DA:57,2
DA:58,2
DA:61,2
DA:62,2
DA:63,1
DA:64,1
DA:65,1
DA:66,1
DA:79,2
DA:80,2
DA:81,2
DA:82,2
DA:83,2
DA:85,2
DA:86,0
DA:87,0
DA:88,2
DA:89,0
DA:90,0
DA:91,2
DA:92,2
DA:94,0
DA:97,2
DA:98,2
DA:112,2
DA:113,2
DA:114,0
DA:115,0
DA:116,0
DA:117,0
DA:128,2
DA:132,1
DA:133,1
DA:135,1
DA:136,1
DA:137,1
DA:138,1
DA:139,0
DA:140,0
DA:143,0
DA:144,0
DA:149,1
DA:153,2
DA:154,2
DA:155,2
DA:157,2
DA:158,35
DA:160,35
DA:161,2
DA:163,2
DA:164,11
DA:165,0
DA:168,0
DA:171,2
DA:175,2
DA:179,2
DA:180,2
DA:181,2
DA:182,0
DA:183,0
DA:184,0
DA:185,0
DA:186,0
DA:187,0
DA:188,0
DA:197,2
DA:202,2
DA:203,2
DA:207,0
DA:208,0
DA:209,0
DA:210,0
DA:212,0
DA:213,0
DA:214,0
DA:221,0
DA:225,1
DA:227,1
DA:229,1
DA:230,1
DA:232,0
DA:233,0
DA:235,0
DA:236,0
DA:241,1
DA:242,1
DA:245,1
DA:246,1
DA:249,1
DA:250,1
DA:251,2
DA:252,2
DA:253,2
DA:258,2
DA:259,5
DA:260,5
DA:261,5
DA:264,2
DA:273,2
DA:276,3
DA:279,0
DA:284,1
DA:285,3
DA:286,3
DA:287,3
DA:290,1
DA:292,1
DA:293,1
DA:294,1
DA:295,1
DA:296,1
DA:298,1
DA:299,0
DA:300,0
DA:301,0
DA:302,0
DA:303,0
DA:304,0
DA:305,0
DA:306,0
DA:308,0
DA:312,1
DA:316,1
DA:320,0
DA:343,0
DA:346,0
DA:349,0
DA:354,0
DA:358,0
DA:360,0
DA:368,0
DA:370,0
DA:373,0
DA:379,0
DA:382,0
DA:383,0
DA:384,0
DA:387,0
DA:394,1
DA:396,1
DA:397,3
DA:398,2
DA:400,3
DA:403,1
DA:407,2
DA:408,2
DA:410,2
DA:414,3
DA:419,3
DA:421,1
DA:426,0
DA:430,0
DA:435,0
DA:439,2
DA:444,0
DA:449,0
DA:456,0
LF:182
LH:116
BRDA:62,0,0,1
BRDA:65,1,0,1
BRDA:80,2,0,2
BRDA:85,3,0,0
BRDA:85,3,1,2
BRDA:86,4,0,0
BRDA:86,4,1,0
BRDA:88,5,0,0
BRDA:88,5,1,2
BRDA:89,6,0,0
BRDA:89,6,1,0
BRDA:91,7,0,2
BRDA:91,7,1,0
BRDA:92,8,0,2
BRDA:92,8,1,0
BRDA:94,9,0,0
BRDA:94,9,1,0
BRDA:97,10,0,2
BRDA:97,11,0,2
BRDA:97,11,1,2
BRDA:97,12,0,1
BRDA:97,12,1,0
BRDA:113,13,0,0
BRDA:116,14,0,0
BRDA:138,15,0,0
BRDA:143,16,0,0
BRDA:160,17,0,2
BRDA:160,18,0,35
BRDA:160,18,1,33
BRDA:164,19,0,0
BRDA:164,20,0,11
BRDA:164,20,1,1
BRDA:175,21,0,2
BRDA:175,21,1,2
BRDA:181,22,0,0
BRDA:183,23,0,0
BRDA:187,24,0,0
BRDA:190,25,0,0
BRDA:190,25,1,0
BRDA:203,26,0,2
BRDA:203,26,1,0
BRDA:210,27,0,0
BRDA:210,28,0,0
BRDA:210,28,1,0
BRDA:213,29,0,0
BRDA:213,30,0,0
BRDA:213,30,1,0
BRDA:227,31,0,1
BRDA:227,31,1,0
BRDA:227,31,2,0
BRDA:292,32,0,1
BRDA:298,33,0,0
BRDA:303,34,0,0
BRDA:306,35,0,0
BRDA:306,35,1,0
BRDA:306,36,0,0
BRDA:306,36,1,0
BRDA:358,37,0,0
BRDA:358,37,1,0
BRDA:358,38,0,0
BRDA:358,38,1,0
BRDA:368,39,0,0
BRDA:368,40,0,0
BRDA:368,40,1,0
BRDA:373,41,0,0
BRDA:373,41,1,0
BRDA:373,42,0,0
BRDA:373,42,1,0
BRDA:397,43,0,2
BRDA:419,44,0,1
BRDA:419,44,1,2
BRDA:419,44,2,0
BRDA:419,44,3,0
BRDA:426,45,0,1
BRDA:426,45,1,1
BRDA:429,46,0,1
BRDA:429,46,1,1
BRDA:435,47,0,0
BRDA:435,47,1,0
BRDA:435,48,0,0
BRDA:435,48,1,0
BRDA:435,49,0,0
BRDA:435,49,1,0
BRDA:444,50,0,2
BRDA:444,50,1,2
BRDA:444,51,0,0
BRDA:444,51,1,0
BRDA:444,52,0,0
BRDA:444,52,1,0
BRDA:446,53,0,2
BRDA:446,53,1,0
BRF:91
BRH:31
end_of_record
TN:
SF:src/generators/TestGenerator.ts
FN:12,(anonymous_0)
FN:15,(anonymous_1)
FN:24,(anonymous_2)
FN:38,(anonymous_3)
FN:55,(anonymous_4)
FN:87,(anonymous_5)
FN:130,(anonymous_6)
FN:149,(anonymous_7)
FN:163,(anonymous_8)
FN:182,(anonymous_9)
FN:185,(anonymous_10)
FN:195,(anonymous_11)
FN:201,(anonymous_12)
FN:204,(anonymous_13)
FN:229,(anonymous_14)
FN:232,(anonymous_15)
FN:237,(anonymous_16)
FN:240,(anonymous_17)
FN:252,(anonymous_18)
FN:262,(anonymous_19)
FN:265,(anonymous_20)
FN:279,(anonymous_21)
FN:282,(anonymous_22)
FN:301,(anonymous_23)
FN:315,(anonymous_24)
FN:323,(anonymous_25)
FN:338,(anonymous_26)
FN:353,(anonymous_27)
FN:375,(anonymous_28)
FN:397,(anonymous_29)
FN:419,(anonymous_30)
FN:437,(anonymous_31)
FN:443,(anonymous_32)
FN:445,(anonymous_33)
FN:459,(anonymous_34)
FN:460,(anonymous_35)
FN:463,(anonymous_36)
FN:484,(anonymous_37)
FN:506,(anonymous_38)
FN:519,(anonymous_39)
FNF:40
FNH:38
FNDA:14,(anonymous_0)
FNDA:1,(anonymous_1)
FNDA:1,(anonymous_2)
FNDA:1,(anonymous_3)
FNDA:2,(anonymous_4)
FNDA:2,(anonymous_5)
FNDA:3,(anonymous_6)
FNDA:1,(anonymous_7)
FNDA:1,(anonymous_8)
FNDA:2,(anonymous_9)
FNDA:2,(anonymous_10)
FNDA:3,(anonymous_11)
FNDA:6,(anonymous_12)
FNDA:6,(anonymous_13)
FNDA:3,(anonymous_14)
FNDA:3,(anonymous_15)
FNDA:3,(anonymous_16)
FNDA:3,(anonymous_17)
FNDA:3,(anonymous_18)
FNDA:3,(anonymous_19)
FNDA:3,(anonymous_20)
FNDA:1,(anonymous_21)
FNDA:3,(anonymous_22)
FNDA:0,(anonymous_23)
FNDA:2,(anonymous_24)
FNDA:2,(anonymous_25)
FNDA:3,(anonymous_26)
FNDA:3,(anonymous_27)
FNDA:3,(anonymous_28)
FNDA:2,(anonymous_29)
FNDA:2,(anonymous_30)
FNDA:5,(anonymous_31)
FNDA:8,(anonymous_32)
FNDA:8,(anonymous_33)
FNDA:5,(anonymous_34)
FNDA:0,(anonymous_35)
FNDA:12,(anonymous_36)
FNDA:3,(anonymous_37)
FNDA:4,(anonymous_38)
FNDA:45,(anonymous_39)
DA:1,1
DA:2,1
DA:3,1
DA:4,1
DA:12,1
DA:13,14
DA:16,1
DA:18,1
DA:19,1
DA:21,1
DA:25,1
DA:27,1
DA:28,4
DA:29,4
DA:32,4
DA:35,1
DA:39,1
DA:41,1
DA:42,2
DA:43,2
DA:44,2
DA:45,2
DA:48,0
DA:52,1
DA:56,2
DA:57,2
DA:58,2
DA:62,2
DA:64,2
DA:65,2
DA:67,0
DA:68,0
DA:70,0
DA:71,0
DA:73,0
DA:76,2
DA:77,2
DA:79,2
DA:88,2
DA:89,2
DA:90,2
DA:91,2
DA:92,2
DA:94,2
DA:97,2
DA:99,2
DA:100,2
DA:102,0
DA:103,0
DA:105,0
DA:106,0
DA:110,2
DA:111,1
DA:114,2
DA:115,1
DA:118,2
DA:119,0
DA:123,2
DA:124,2
DA:127,2
DA:131,3
DA:150,1
DA:164,1
DA:183,2
DA:185,2
DA:186,2
DA:189,2
DA:190,2
DA:191,2
DA:192,2
DA:195,2
DA:196,3
DA:197,3
DA:198,3
DA:200,3
DA:201,3
DA:202,6
DA:204,6
DA:206,0
DA:209,3
DA:210,3
DA:213,3
DA:214,0
DA:215,0
DA:216,0
DA:217,0
DA:220,3
DA:223,2
DA:226,2
DA:230,3
DA:232,3
DA:233,3
DA:234,3
DA:236,3
DA:237,2
DA:238,3
DA:240,3
DA:242,1
DA:245,3
DA:246,3
DA:249,3
DA:250,3
DA:251,3
DA:252,2
DA:253,3
DA:256,3
DA:259,3
DA:260,3
DA:261,3
DA:262,2
DA:263,3
DA:265,3
DA:267,1
DA:269,3
DA:270,3
DA:273,3
DA:276,3
DA:280,1
DA:282,1
DA:283,3
DA:284,3
DA:285,3
DA:286,3
DA:287,3
DA:290,3
DA:291,3
DA:292,3
DA:293,3
DA:294,3
DA:295,3
DA:298,1
DA:302,0
DA:303,0
DA:304,0
DA:305,0
DA:306,0
DA:307,0
DA:308,0
DA:309,0
DA:310,0
DA:312,0
DA:316,2
DA:317,0
DA:318,0
DA:319,0
DA:320,0
DA:324,2
DA:325,2
DA:328,2
DA:329,0
DA:330,0
DA:331,0
DA:335,2
DA:339,3
DA:340,3
DA:343,3
DA:344,8
DA:345,8
DA:346,8
DA:350,3
DA:354,3
DA:355,3
DA:358,3
DA:359,2
DA:360,2
DA:362,2
DA:363,2
DA:365,2
DA:372,3
DA:376,3
DA:377,3
DA:380,3
DA:381,1
DA:382,1
DA:383,1
DA:385,1
DA:387,1
DA:394,3
DA:398,2
DA:399,2
DA:402,2
DA:403,2
DA:404,2
DA:405,2
DA:407,2
DA:409,2
DA:416,2
DA:420,2
DA:421,2
DA:424,2
DA:425,6
DA:426,6
DA:428,6
DA:434,2
DA:438,5
DA:439,1
DA:442,4
DA:443,8
DA:445,4
DA:446,8
DA:447,8
DA:448,8
DA:456,4
DA:460,5
DA:464,12
DA:466,2
DA:468,8
DA:470,0
DA:472,0
DA:474,0
DA:476,0
DA:478,0
DA:480,2
DA:485,3
DA:486,0
DA:488,3
DA:490,1
DA:492,1
DA:494,1
DA:496,0
DA:498,0
DA:500,0
DA:502,0
DA:508,4
DA:509,4
DA:510,4
DA:512,4
DA:515,4
DA:516,4
DA:519,4
DA:520,45
DA:522,4
DA:524,4
LF:233
LH:190
BRDA:44,0,0,2
BRDA:62,1,0,2
BRDA:62,1,1,0
BRDA:62,1,2,0
BRDA:62,1,3,0
BRDA:97,2,0,2
BRDA:97,2,1,0
BRDA:97,2,2,0
BRDA:110,3,0,1
BRDA:114,4,0,1
BRDA:118,5,0,0
BRDA:118,6,0,2
BRDA:118,6,1,2
BRDA:118,6,2,1
BRDA:123,7,0,2
BRDA:127,8,0,2
BRDA:127,8,1,0
BRDA:200,9,0,3
BRDA:200,9,1,0
BRDA:213,10,0,0
BRDA:213,11,0,3
BRDA:213,11,1,3
BRDA:236,12,0,2
BRDA:236,12,1,1
BRDA:251,13,0,2
BRDA:259,14,0,3
BRDA:259,15,0,3
BRDA:259,15,1,3
BRDA:261,16,0,2
BRDA:261,16,1,1
BRDA:330,17,0,0
BRDA:330,18,0,0
BRDA:330,18,1,0
BRDA:331,19,0,0
BRDA:331,19,1,0
BRDA:345,20,0,8
BRDA:382,21,0,1
BRDA:382,21,1,0
BRDA:383,22,0,1
BRDA:383,22,1,0
BRDA:404,23,0,2
BRDA:404,23,1,0
BRDA:405,24,0,2
BRDA:405,24,1,1
BRDA:438,25,0,1
BRDA:447,26,0,8
BRDA:450,27,0,8
BRDA:450,27,1,1
BRDA:464,28,0,2
BRDA:464,28,1,8
BRDA:464,28,2,0
BRDA:464,28,3,0
BRDA:464,28,4,0
BRDA:464,28,5,0
BRDA:464,28,6,0
BRDA:464,28,7,2
BRDA:485,29,0,0
BRDA:488,30,0,1
BRDA:488,30,1,1
BRDA:488,30,2,1
BRDA:488,30,3,0
BRDA:488,30,4,0
BRDA:488,30,5,0
BRDA:488,30,6,0
BRDA:509,31,0,4
BRDA:509,31,1,2
BRDA:510,32,0,4
BRDA:510,32,1,2
BRDA:515,33,0,2
BRDA:516,34,0,2
BRDA:520,35,0,45
BRDA:520,35,1,43
BRDA:520,35,2,43
BRF:73
BRH:46
end_of_record
TN:
SF:src/profilers/PerformanceProfiler.ts
FN:29,(anonymous_0)
FN:32,(anonymous_1)
FN:41,(anonymous_2)
FN:55,(anonymous_3)
FN:96,(anonymous_4)
FN:112,(anonymous_5)
FN:122,(anonymous_6)
FN:130,(anonymous_7)
FN:144,(anonymous_8)
FN:158,(anonymous_9)
FN:174,(anonymous_10)
FN:178,(anonymous_11)
FN:206,(anonymous_12)
FN:211,(anonymous_13)
FN:237,(anonymous_14)
FN:277,(anonymous_15)
FN:281,(anonymous_16)
FN:300,(anonymous_17)
FNF:18
FNH:18
FNDA:19,(anonymous_0)
FNDA:2,(anonymous_1)
FNDA:3,(anonymous_2)
FNDA:2,(anonymous_3)
FNDA:5,(anonymous_4)
FNDA:45,(anonymous_5)
FNDA:1,(anonymous_6)
FNDA:3,(anonymous_7)
FNDA:3,(anonymous_8)
FNDA:3,(anonymous_9)
FNDA:3,(anonymous_10)
FNDA:3,(anonymous_11)
FNDA:3,(anonymous_12)
FNDA:2,(anonymous_13)
FNDA:5,(anonymous_14)
FNDA:5,(anonymous_15)
FNDA:5,(anonymous_16)
FNDA:6,(anonymous_17)
DA:1,1
DA:2,1
DA:3,1
DA:4,1
DA:29,1
DA:30,19
DA:33,2
DA:35,2
DA:36,2
DA:38,2
DA:42,3
DA:44,3
DA:45,12
DA:46,12
DA:49,12
DA:52,3
DA:56,2
DA:57,2
DA:60,2
DA:61,1
DA:62,1
DA:63,1
DA:64,1
DA:67,1
DA:68,1
DA:71,1
DA:72,1
DA:75,1
DA:76,1
DA:79,0
DA:83,2
DA:85,2
DA:98,5
DA:110,5
DA:112,5
DA:113,45
DA:114,45
DA:115,20
DA:119,5
DA:124,1
DA:125,1
DA:126,1
DA:132,3
DA:133,3
DA:135,3
DA:136,1
DA:139,3
DA:140,1
DA:146,3
DA:147,3
DA:149,3
DA:150,0
DA:153,3
DA:154,0
DA:159,3
DA:160,3
DA:162,3
DA:163,1876
DA:164,22
DA:165,22
DA:166,1854
DA:167,22
DA:171,3
DA:175,3
DA:178,3
DA:179,3
DA:180,3
DA:181,1
DA:183,2
DA:187,3
DA:195,3
DA:196,3
DA:203,3
DA:207,3
DA:210,3
DA:211,3
DA:212,2
DA:213,2
DA:214,1
DA:220,3
DA:227,3
DA:234,3
DA:238,5
DA:240,5
DA:248,5
DA:249,2
DA:256,3
DA:257,1
DA:265,2
DA:274,5
DA:279,5
DA:281,5
DA:282,5
DA:283,5
DA:284,1
DA:285,1
DA:286,1
DA:289,1
DA:290,1
DA:291,1
DA:297,5
DA:301,6
DA:304,6
DA:305,2
DA:306,2
DA:309,6
DA:310,1
DA:314,6
DA:315,1
DA:319,6
DA:320,6
DA:323,6
DA:324,6
DA:327,6
DA:328,6
DA:330,6
LF:116
LH:113
BRDA:67,0,0,1
BRDA:71,1,0,1
BRDA:75,2,0,1
BRDA:83,3,0,1
BRDA:83,3,1,1
BRDA:114,4,0,20
BRDA:125,5,0,1
BRDA:132,6,0,3
BRDA:132,6,1,2
BRDA:133,7,0,3
BRDA:133,7,1,2
BRDA:135,8,0,1
BRDA:139,9,0,1
BRDA:146,10,0,3
BRDA:146,10,1,1
BRDA:147,11,0,3
BRDA:147,11,1,1
BRDA:149,12,0,0
BRDA:153,13,0,0
BRDA:163,14,0,22
BRDA:163,14,1,1854
BRDA:166,15,0,22
BRDA:248,16,0,2
BRDA:248,16,1,3
BRDA:256,17,0,1
BRDA:256,17,1,2
BRDA:285,18,0,1
BRDA:285,18,1,0
BRDA:286,19,0,1
BRDA:286,19,1,0
BRDA:304,20,0,2
BRDA:309,21,0,1
BRDA:314,22,0,1
BRF:33
BRH:29
end_of_record
TN:
SF:src/scanners/SecurityScanner.ts
FN:38,(anonymous_0)
FN:133,(anonymous_1)
FN:159,(anonymous_2)
FN:194,(anonymous_3)
FN:199,(anonymous_4)
FN:227,(anonymous_5)
FN:238,(anonymous_6)
FN:246,(anonymous_7)
FN:250,(anonymous_8)
FN:256,(anonymous_9)
FN:266,(anonymous_10)
FN:286,(anonymous_11)
FN:292,(anonymous_12)
FN:300,(anonymous_13)
FN:333,(anonymous_14)
FN:347,(anonymous_15)
FN:364,(anonymous_16)
FNF:17
FNH:16
FNDA:15,(anonymous_0)
FNDA:4,(anonymous_1)
FNDA:5,(anonymous_2)
FNDA:9,(anonymous_3)
FNDA:40,(anonymous_4)
FNDA:14,(anonymous_5)
FNDA:13,(anonymous_6)
FNDA:4,(anonymous_7)
FNDA:12,(anonymous_8)
FNDA:5,(anonymous_9)
FNDA:16,(anonymous_10)
FNDA:6,(anonymous_11)
FNDA:14,(anonymous_12)
FNDA:14,(anonymous_13)
FNDA:14,(anonymous_14)
FNDA:15,(anonymous_15)
FNDA:0,(anonymous_16)
DA:1,1
DA:2,1
DA:3,1
DA:4,1
DA:38,1
DA:39,15
DA:134,4
DA:136,4
DA:137,4
DA:139,4
DA:140,4
DA:141,4
DA:142,4
DA:144,0
DA:148,4
DA:149,4
DA:150,4
DA:152,4
DA:160,5
DA:163,5
DA:184,5
DA:185,90
DA:188,90
DA:191,5
DA:195,9
DA:196,4
DA:197,4
DA:199,4
DA:200,40
DA:202,40
DA:203,12
DA:204,12
DA:206,12
DA:220,12
DA:224,4
DA:228,14
DA:229,14
DA:230,115
DA:231,14
DA:233,101
DA:235,0
DA:239,13
DA:240,13
DA:241,13
DA:243,13
DA:247,4
DA:248,4
DA:250,4
DA:251,12
DA:252,12
DA:257,5
DA:266,5
DA:267,16
DA:269,9
DA:270,9
DA:272,1
DA:273,1
DA:275,5
DA:276,5
DA:278,1
DA:279,1
DA:283,5
DA:287,6
DA:290,6
DA:292,6
DA:293,14
DA:294,14
DA:296,14
DA:300,6
DA:301,14
DA:303,5
DA:304,5
DA:305,5
DA:308,0
DA:309,0
DA:310,0
DA:313,4
DA:314,4
DA:315,4
DA:318,0
DA:319,0
DA:320,0
DA:323,0
DA:324,0
DA:325,0
DA:328,5
DA:333,14
DA:334,6
DA:335,5
DA:338,6
DA:339,0
DA:342,6
DA:344,6
DA:348,15
DA:361,15
DA:366,0
LF:96
LH:83
BRDA:230,0,0,14
BRDA:248,1,0,4
BRDA:248,1,1,1
BRDA:251,2,0,12
BRDA:251,2,1,0
BRDA:267,3,0,9
BRDA:267,3,1,1
BRDA:267,3,2,5
BRDA:267,3,3,1
BRDA:293,4,0,14
BRDA:301,5,0,5
BRDA:301,5,1,0
BRDA:301,5,2,4
BRDA:301,5,3,0
BRDA:301,5,4,0
BRDA:301,5,5,5
BRDA:333,6,0,14
BRDA:333,6,1,12
BRDA:334,7,0,5
BRDA:338,8,0,0
BRDA:361,9,0,15
BRDA:361,9,1,0
BRF:22
BRH:16
end_of_record
